2022-06-22 19:26:23 request.php [GET]: https://api.music.yandex.net/users//dislikes/tracks?if_modified_since_revision=0
2022-06-22 19:26:38 request.php [GET]: https://api.music.yandex.net/users//dislikes/tracks?if_modified_since_revision=0
2022-06-22 19:27:55 request.php [GET]: https://api.music.yandex.net/users//dislikes/tracks?if_modified_since_revision=0
2022-06-22 19:40:03 request.php [GET]: https://api.music.yandex.net/users//dislikes/tracks?if_modified_since_revision=0
2022-06-22 19:40:21 request.php [GET]: https://api.music.yandex.net/users//dislikes/tracks?if_modified_since_revision=0
2022-06-22 19:40:24 request.php [GET]: https://api.music.yandex.net/users//dislikes/tracks?if_modified_since_revision=0
2022-06-22 19:40:32 request.php [GET]: https://api.music.yandex.net/users//dislikes/tracks?if_modified_since_revision=0
2022-06-22 19:45:08 request.php [POST]: https://oauth.yandex.ru/token
2022-06-22 19:45:08 request.php [GET]: https://api.music.yandex.net/account/status
2022-06-22 19:45:08 request.php [GET]: https://api.music.yandex.net/users//dislikes/tracks?if_modified_since_revision=0
2022-06-22 19:45:08 request.php [POST]: https://oauth.yandex.ru/token
2022-06-22 19:45:08 request.php [GET]: https://api.music.yandex.net/account/status
2022-06-22 19:45:09 request.php [POST]: https://oauth.yandex.ru/token
2022-06-22 19:45:09 request.php [GET]: https://api.music.yandex.net/users//dislikes/tracks?if_modified_since_revision=0
2022-06-22 19:45:09 request.php [GET]: https://api.music.yandex.net/account/status
2022-06-22 19:45:09 request.php [GET]: https://api.music.yandex.net/users//dislikes/tracks?if_modified_since_revision=0
2022-06-22 19:45:25 request.php [POST]: https://oauth.yandex.ru/token
2022-06-22 19:45:25 request.php [GET]: https://api.music.yandex.net/account/status
2022-06-22 19:45:54 request.php [POST]: https://oauth.yandex.ru/token
2022-06-22 19:45:54 request.php [GET]: https://api.music.yandex.net/account/status
2022-06-22 19:46:53 request.php [POST]: https://oauth.yandex.ru/token
2022-06-22 19:46:54 request.php [POST]: https://oauth.yandex.ru/token
2022-06-22 19:46:59 request.php [GET]: https://api.music.yandex.net/account/status
2022-06-22 19:46:59 request.php [GET]: https://api.music.yandex.net/account/status
2022-06-22 19:47:13 request.php [POST]: https://oauth.yandex.ru/token
2022-06-22 19:47:18 request.php [GET]: https://api.music.yandex.net/account/status
2022-06-22 19:48:11 request.php [POST]: https://oauth.yandex.ru/token
2022-06-22 19:48:17 request.php [GET]: https://api.music.yandex.net/account/status
2022-06-22 19:48:17 request.php [GET]: https://api.music.yandex.net/users/1130000056895047/dislikes/tracks?if_modified_since_revision=0 User: s.shevtsov@subbclub.ru
2022-06-22 19:49:07 request.php [POST]: https://oauth.yandex.ru/token
2022-06-22 19:49:13 request.php [GET]: https://api.music.yandex.net/account/status
2022-06-22 19:49:13 request.php [GET]: https://api.music.yandex.net/users/1130000056895047/dislikes/tracks?if_modified_since_revision=0 User: s.shevtsov@subbclub.ru
2022-06-22 19:49:13 request.php [GET]: https://api.music.yandex.net/users/1130000056895047/likes/tracks User: s.shevtsov@subbclub.ru
2022-06-22 19:49:28 request.php [POST]: https://oauth.yandex.ru/token
2022-06-22 19:49:33 request.php [GET]: https://api.music.yandex.net/account/status
2022-06-22 19:49:34 request.php [GET]: https://api.music.yandex.net/users/1130000056895047/dislikes/tracks?if_modified_since_revision=0 User: s.shevtsov@subbclub.ru
2022-06-22 19:49:47 request.php [POST]: https://oauth.yandex.ru/token
2022-06-22 19:49:52 request.php [GET]: https://api.music.yandex.net/account/status
2022-06-22 19:49:52 request.php [GET]: https://api.music.yandex.net/users/1130000056895047/dislikes/tracks?if_modified_since_revision=0 User: s.shevtsov@subbclub.ru
2022-06-22 19:49:52 request.php [GET]: https://api.music.yandex.net/users/1130000056895047/likes/albums User: s.shevtsov@subbclub.ru
2022-06-22 19:53:06 request.php [POST]: https://oauth.yandex.ru/token
2022-06-22 19:53:11 request.php [GET]: https://api.music.yandex.net/account/status
2022-06-22 19:53:11 request.php [GET]: https://api.music.yandex.net/users/1130000056895047/dislikes/tracks?if_modified_since_revision=0 User: s.shevtsov@subbclub.ru
2022-06-22 19:53:12 request.php [GET]: https://api.music.yandex.net/search?text=Цой&nocorrect=&type=all&page=0&playlist-in-best=1 User: s.shevtsov@subbclub.ru
2022-06-22 20:01:45 request.php [POST]: https://oauth.yandex.ru/token
2022-06-22 20:01:50 request.php [GET]: https://api.music.yandex.net/account/status
2022-06-22 20:01:50 request.php [GET]: https://api.music.yandex.net/users/1130000056895047/dislikes/tracks?if_modified_since_revision=0 User: s.shevtsov@subbclub.ru
2022-06-22 20:01:50 request.php [GET]: https://api.music.yandex.net/search?text=Цой&nocorrect=&type=all&page=0&playlist-in-best=1
2022-06-22 20:02:34 request.php [POST]: https://oauth.yandex.ru/token
2022-06-22 20:02:39 request.php [GET]: https://api.music.yandex.net/account/status
2022-06-22 20:02:40 request.php [GET]: https://api.music.yandex.net/users/1130000056895047/dislikes/tracks?if_modified_since_revision=0 User: s.shevtsov@subbclub.ru
2022-06-22 20:02:40 request.php [GET]: https://api.music.yandex.net/search?text=Цой&nocorrect=&type=all&page=0&playlist-in-best=1
2022-06-22 20:03:22 request.php [POST]: https://oauth.yandex.ru/token
2022-06-22 20:03:28 request.php [GET]: https://api.music.yandex.net/account/status
2022-06-22 20:03:28 request.php [GET]: https://api.music.yandex.net/users/1130000056895047/dislikes/tracks?if_modified_since_revision=0 User: s.shevtsov@subbclub.ru
2022-06-22 20:03:28 request.php [GET]: https://api.music.yandex.net/search?text=Цой&nocorrect=&type=track&page=0&playlist-in-best=1
2022-06-22 20:10:05 request.php [POST]: https://oauth.yandex.ru/token
2022-06-22 20:10:11 request.php [GET]: https://api.music.yandex.net/account/status
2022-06-22 20:10:11 request.php [GET]: https://api.music.yandex.net/users/1130000056895047/dislikes/tracks?if_modified_since_revision=0 User: s.shevtsov@subbclub.ru
2022-06-22 20:10:11 request.php [GET]: https://api.music.yandex.net/search?text=Цой&nocorrect=&type=all&page=0&playlist-in-best=1
2022-06-22 20:15:56 request.php [POST]: https://oauth.yandex.ru/token
2022-06-22 20:16:02 request.php [GET]: https://api.music.yandex.net/account/status
2022-06-22 20:16:02 request.php [GET]: https://api.music.yandex.net/feed User: s.shevtsov@subbclub.ru
2022-06-22 20:16:03 request.php [GET]: https://api.music.yandex.net/search?text=Цой&nocorrect=&type=all&page=0&playlist-in-best=1
2022-06-22 20:16:22 request.php [POST]: https://oauth.yandex.ru/token
2022-06-22 20:16:28 request.php [GET]: https://api.music.yandex.net/account/status
2022-06-22 20:16:28 request.php [GET]: https://api.music.yandex.net/feed User: s.shevtsov@subbclub.ru
2022-06-22 20:17:37 request.php [POST]: https://oauth.yandex.ru/token
2022-06-22 20:17:42 request.php [GET]: https://api.music.yandex.net/account/status
2022-06-22 20:17:43 request.php [GET]: https://api.music.yandex.net/genres User: s.shevtsov@subbclub.ru
2022-06-22 20:18:42 request.php [POST]: https://oauth.yandex.ru/token
2022-06-22 20:18:47 request.php [GET]: https://api.music.yandex.net/account/status
2022-06-22 20:18:48 request.php [GET]: https://api.music.yandex.net/tracks/4489163/download-info User: s.shevtsov@subbclub.ru
2022-06-22 20:20:40 request.php [POST]: https://oauth.yandex.ru/token
2022-06-22 20:20:45 request.php [GET]: https://api.music.yandex.net/account/status
2022-06-22 20:20:45 request.php [GET]: https://api.music.yandex.net/albums/4489163/with-tracks User: s.shevtsov@subbclub.ru
2022-06-22 20:24:51 request.php [POST]: https://oauth.yandex.ru/token
2022-06-22 20:24:57 request.php [GET]: https://api.music.yandex.net/account/status
2022-06-22 20:24:57 request.php [GET]: https://api.music.yandex.net/users/1130000056895047/playlists/list User: s.shevtsov@subbclub.ru
2022-06-22 20:26:39 request.php [POST]: https://oauth.yandex.ru/token
2022-06-22 20:26:45 request.php [GET]: https://api.music.yandex.net/account/status
2022-06-22 20:26:45 request.php [GET]: https://api.music.yandex.net/users/1130000056895047/likes/tracks User: s.shevtsov@subbclub.ru
2022-06-22 20:27:23 request.php [POST]: https://oauth.yandex.ru/token
2022-06-22 20:27:29 request.php [GET]: https://api.music.yandex.net/account/status
2022-06-22 20:27:29 request.php [GET]: https://api.music.yandex.net/users/1130000056895047/likes/tracks User: s.shevtsov@subbclub.ru
2022-06-22 20:27:59 request.php [POST]: https://oauth.yandex.ru/token
2022-06-22 20:28:04 request.php [GET]: https://api.music.yandex.net/account/status
2022-06-22 20:28:05 request.php [GET]: https://api.music.yandex.net/users/1130000056895047/likes/tracks User: s.shevtsov@subbclub.ru
2022-06-22 20:29:06 request.php [POST]: https://oauth.yandex.ru/token
2022-06-22 20:29:11 request.php [GET]: https://api.music.yandex.net/account/status
2022-06-22 20:29:12 request.php [POST]: https://api.music.yandex.net/albums User: s.shevtsov@subbclub.ru
2022-06-22 20:32:40 request.php [POST]: https://oauth.yandex.ru/token
2022-06-22 20:32:46 request.php [GET]: https://api.music.yandex.net/account/status
2022-06-22 20:32:46 request.php [POST]: https://api.music.yandex.net/albums User: s.shevtsov@subbclub.ru
2022-06-22 20:33:54 request.php [POST]: https://oauth.yandex.ru/token
2022-06-22 20:34:00 request.php [GET]: https://api.music.yandex.net/account/status
2022-06-22 20:34:00 request.php [POST]: https://api.music.yandex.net/albums User: s.shevtsov@subbclub.ru
2022-06-22 20:34:18 request.php [POST]: https://oauth.yandex.ru/token
2022-06-22 20:34:23 request.php [GET]: https://api.music.yandex.net/account/status
2022-06-22 20:34:23 request.php [POST]: https://api.music.yandex.net/albums User: s.shevtsov@subbclub.ru
2022-06-22 20:36:36 request.php [POST]: https://oauth.yandex.ru/token
2022-06-22 20:36:41 request.php [GET]: https://api.music.yandex.net/account/status
2022-06-22 20:36:42 request.php [GET]: https://api.music.yandex.net/search?text=Цой&nocorrect=&type=all&page=0&playlist-in-best=1 User: s.shevtsov@subbclub.ru
2022-06-22 20:39:33 request.php [POST]: https://oauth.yandex.ru/token
2022-06-22 20:39:39 request.php [GET]: https://api.music.yandex.net/account/status
2022-06-22 20:39:39 request.php [GET]: https://api.music.yandex.net/search?text=Цой&nocorrect=&type=all&page=0&playlist-in-best=1 User: s.shevtsov@subbclub.ru
2022-06-22 20:40:02 request.php [POST]: https://oauth.yandex.ru/token
2022-06-22 20:40:07 request.php [GET]: https://api.music.yandex.net/account/status
2022-06-22 20:40:07 request.php [GET]: https://api.music.yandex.net/search?text=Цой&nocorrect=&type=all&page=0&playlist-in-best=1 User: s.shevtsov@subbclub.ru
2022-06-22 20:40:31 request.php [POST]: https://oauth.yandex.ru/token
2022-06-22 20:40:36 request.php [GET]: https://api.music.yandex.net/account/status
2022-06-22 20:41:37 request.php [POST]: https://oauth.yandex.ru/token
2022-06-22 20:41:42 request.php [GET]: https://api.music.yandex.net/account/status
2022-06-22 20:42:56 request.php [POST]: https://oauth.yandex.ru/token
2022-06-22 20:43:01 request.php [GET]: https://api.music.yandex.net/account/status
2022-06-22 20:43:37 request.php [POST]: https://oauth.yandex.ru/token
2022-06-22 20:43:42 request.php [GET]: https://api.music.yandex.net/account/status
2022-06-22 20:43:43 request.php [GET]: https://api.music.yandex.net/search?text=Цой&nocorrect=&type=all&page=0&playlist-in-best=1 User: s.shevtsov@subbclub.ru
2022-06-22 20:43:52 request.php [POST]: https://oauth.yandex.ru/token
2022-06-22 20:43:57 request.php [GET]: https://api.music.yandex.net/account/status
2022-06-22 20:43:57 request.php [GET]: https://api.music.yandex.net/search?text=Цой&nocorrect=&type=all&page=0&playlist-in-best=1 User: s.shevtsov@subbclub.ru
2022-06-22 20:44:41 request.php [POST]: https://oauth.yandex.ru/token
2022-06-22 20:44:47 request.php [GET]: https://api.music.yandex.net/account/status
2022-06-22 20:44:47 request.php [GET]: https://api.music.yandex.net/search?text=Цой&nocorrect=&type=track&page=0&playlist-in-best=1 User: s.shevtsov@subbclub.ru
2022-06-22 20:46:16 request.php [POST]: https://oauth.yandex.ru/token
2022-06-22 20:46:21 request.php [GET]: https://api.music.yandex.net/account/status
2022-06-22 20:46:22 request.php [GET]: https://api.music.yandex.net/search?text=Цой&nocorrect=&type=track&page=0&playlist-in-best=1 User: s.shevtsov@subbclub.ru
2022-06-22 20:48:54 request.php [POST]: https://oauth.yandex.ru/token
2022-06-22 20:48:59 request.php [GET]: https://api.music.yandex.net/account/status
2022-06-22 20:48:59 request.php [GET]: https://api.music.yandex.net/search?text=Цой&nocorrect=&type=track&page=0&playlist-in-best=1 User: s.shevtsov@subbclub.ru
2022-06-22 20:49:43 request.php [POST]: https://oauth.yandex.ru/token
2022-06-22 20:49:48 request.php [GET]: https://api.music.yandex.net/account/status
2022-06-22 20:49:49 request.php [GET]: https://api.music.yandex.net/search?text=Цой&nocorrect=&type=track&page=0&playlist-in-best=1 User: s.shevtsov@subbclub.ru
2022-06-22 20:50:00 request.php [POST]: https://oauth.yandex.ru/token
2022-06-22 20:50:06 request.php [GET]: https://api.music.yandex.net/account/status
2022-06-22 20:50:06 request.php [GET]: https://api.music.yandex.net/search?text=Цой&nocorrect=&type=track&page=0&playlist-in-best=1 User: s.shevtsov@subbclub.ru
2022-06-22 20:50:47 request.php [POST]: https://oauth.yandex.ru/token
2022-06-22 20:50:53 request.php [GET]: https://api.music.yandex.net/account/status
2022-06-22 20:50:53 request.php [GET]: https://api.music.yandex.net/search?text=Цой&nocorrect=&type=track&page=0&playlist-in-best=1 User: s.shevtsov@subbclub.ru
2022-06-22 20:58:03 request.php [POST]: https://oauth.yandex.ru/token
2022-06-22 20:58:09 request.php [GET]: https://api.music.yandex.net/account/status
2022-06-22 20:58:09 request.php [GET]: https://api.music.yandex.net/search?text=Цой&nocorrect=&type=track&page=0&playlist-in-best=1 User: s.shevtsov@subbclub.ru
2022-06-23 06:48:05 request.php [POST]: https://oauth.yandex.ru/token
2022-06-23 06:48:10 request.php [POST]: https://oauth.yandex.ru/token
2022-06-23 06:48:12 request.php [GET]: https://api.music.yandex.net/account/status
2022-06-23 06:48:12 request.php [GET]: https://api.music.yandex.net/search?text=Цой&nocorrect=&type=track&page=0&playlist-in-best=1 User: s.shevtsov@subbclub.ru
2022-06-23 06:48:16 request.php [POST]: https://oauth.yandex.ru/token
2022-06-23 06:48:16 request.php [GET]: https://api.music.yandex.net/account/status
2022-06-23 06:48:16 request.php [GET]: https://api.music.yandex.net/search?text=Цой&nocorrect=&type=track&page=0&playlist-in-best=1 User: s.shevtsov@subbclub.ru
2022-06-23 06:48:18 request.php [POST]: https://oauth.yandex.ru/token
2022-06-23 06:48:21 request.php [GET]: https://api.music.yandex.net/account/status
2022-06-23 06:48:21 request.php [GET]: https://api.music.yandex.net/search?text=Цой&nocorrect=&type=track&page=0&playlist-in-best=1 User: s.shevtsov@subbclub.ru
2022-06-23 06:48:23 request.php [GET]: https://api.music.yandex.net/account/status
2022-06-23 06:48:24 request.php [POST]: https://oauth.yandex.ru/token
2022-06-23 06:48:24 request.php [GET]: https://api.music.yandex.net/search?text=Цой&nocorrect=&type=track&page=0&playlist-in-best=1 User: s.shevtsov@subbclub.ru
2022-06-23 06:48:29 request.php [GET]: https://api.music.yandex.net/account/status
2022-06-23 06:48:29 request.php [GET]: https://api.music.yandex.net/search?text=Цой&nocorrect=&type=track&page=0&playlist-in-best=1 User: s.shevtsov@subbclub.ru
2022-06-23 06:48:30 request.php [POST]: https://oauth.yandex.ru/token
2022-06-23 06:48:35 request.php [GET]: https://api.music.yandex.net/account/status
2022-06-23 06:48:35 request.php [GET]: https://api.music.yandex.net/search?text=Цой&nocorrect=&type=track&page=0&playlist-in-best=1 User: s.shevtsov@subbclub.ru
2022-06-23 06:51:31 request.php [POST]: https://oauth.yandex.ru/token
2022-06-23 06:51:36 request.php [GET]: https://api.music.yandex.net/account/status
2022-06-23 06:51:37 request.php [GET]: https://api.music.yandex.net/search?text=Цой&nocorrect=&type=track&page=0&playlist-in-best=1 User: s.shevtsov@subbclub.ru
2022-06-23 06:51:55 request.php [POST]: https://oauth.yandex.ru/token
2022-06-23 06:52:00 request.php [GET]: https://api.music.yandex.net/account/status
2022-06-23 06:52:00 request.php [GET]: https://api.music.yandex.net/search?text=Цой&nocorrect=&type=track&page=0&playlist-in-best=1 User: s.shevtsov@subbclub.ru
2022-06-23 06:52:06 request.php [POST]: https://oauth.yandex.ru/token
2022-06-23 06:52:11 request.php [GET]: https://api.music.yandex.net/account/status
2022-06-23 06:52:12 request.php [GET]: https://api.music.yandex.net/search?text=Цой&nocorrect=&type=track&page=0&playlist-in-best=1 User: s.shevtsov@subbclub.ru
2022-06-23 06:52:21 request.php [POST]: https://oauth.yandex.ru/token
2022-06-23 06:52:27 request.php [GET]: https://api.music.yandex.net/account/status
2022-06-23 06:52:27 request.php [GET]: https://api.music.yandex.net/search?text=Цой&nocorrect=&type=track&page=0&playlist-in-best=1 User: s.shevtsov@subbclub.ru
2022-06-23 06:53:44 request.php [POST]: https://oauth.yandex.ru/token
2022-06-23 06:53:49 request.php [GET]: https://api.music.yandex.net/account/status
2022-06-23 06:53:49 request.php [GET]: https://api.music.yandex.net/search?text=Цой&nocorrect=&type=track&page=0&playlist-in-best=1 User: s.shevtsov@subbclub.ru
2022-06-23 06:53:59 request.php [POST]: https://oauth.yandex.ru/token
2022-06-23 06:54:05 request.php [GET]: https://api.music.yandex.net/account/status
2022-06-23 06:54:05 request.php [GET]: https://api.music.yandex.net/search?text=Цой&nocorrect=&type=track&page=0&playlist-in-best=1 User: s.shevtsov@subbclub.ru
2022-06-23 06:55:16 request.php [POST]: https://oauth.yandex.ru/token
2022-06-23 06:55:21 request.php [GET]: https://api.music.yandex.net/account/status
2022-06-23 06:55:21 request.php [GET]: https://api.music.yandex.net/search?text=Цой&nocorrect=&type=track&page=0&playlist-in-best=1 User: s.shevtsov@subbclub.ru
2022-06-23 06:55:36 request.php [POST]: https://oauth.yandex.ru/token
2022-06-23 06:55:42 request.php [GET]: https://api.music.yandex.net/account/status
2022-06-23 06:55:42 request.php [GET]: https://api.music.yandex.net/search?text=Цой&nocorrect=&type=track&page=0&playlist-in-best=1 User: s.shevtsov@subbclub.ru
2022-06-23 06:56:43 request.php [POST]: https://oauth.yandex.ru/token
2022-06-23 06:56:49 request.php [GET]: https://api.music.yandex.net/account/status
2022-06-23 06:56:49 request.php [GET]: https://api.music.yandex.net/search?text=Цой&nocorrect=&type=track&page=0&playlist-in-best=1 User: s.shevtsov@subbclub.ru
2022-06-23 07:03:07 request.php [POST]: https://oauth.yandex.ru/token
2022-06-23 07:03:12 request.php [GET]: https://api.music.yandex.net/account/status
2022-06-23 07:03:13 request.php [GET]: https://api.music.yandex.net/search?text=Цой&nocorrect=&type=track&page=0&playlist-in-best=1 User: s.shevtsov@subbclub.ru
2022-06-23 07:03:38 request.php [POST]: https://oauth.yandex.ru/token
2022-06-23 07:03:44 request.php [GET]: https://api.music.yandex.net/account/status
2022-06-23 07:03:44 request.php [GET]: https://api.music.yandex.net/search?text=Цой&nocorrect=&type=track&page=0&playlist-in-best=1 User: s.shevtsov@subbclub.ru
2022-06-23 07:04:22 request.php [POST]: https://oauth.yandex.ru/token
2022-06-23 07:04:27 request.php [GET]: https://api.music.yandex.net/account/status
2022-06-23 07:04:29 request.php [GET]: https://api.music.yandex.net/search?text=Цой&nocorrect=&type=track&page=0&playlist-in-best=1 User: s.shevtsov@subbclub.ru
2022-06-23 07:05:13 request.php [POST]: https://oauth.yandex.ru/token
2022-06-23 07:05:19 request.php [GET]: https://api.music.yandex.net/account/status
2022-06-23 07:05:19 request.php [GET]: https://api.music.yandex.net/search?text=Цой&nocorrect=&type=track&page=0&playlist-in-best=1 User: s.shevtsov@subbclub.ru
2022-06-23 07:05:43 request.php [POST]: https://oauth.yandex.ru/token
2022-06-23 07:05:49 request.php [GET]: https://api.music.yandex.net/account/status
2022-06-23 07:06:00 request.php [POST]: https://oauth.yandex.ru/token
2022-06-23 07:06:05 request.php [GET]: https://api.music.yandex.net/account/status
2022-06-23 07:06:05 request.php [GET]: https://api.music.yandex.net/search?text=Цой&nocorrect=&type=track&page=0&playlist-in-best=1 User: s.shevtsov@subbclub.ru
2022-06-23 07:07:32 request.php [POST]: https://oauth.yandex.ru/token
2022-06-23 07:07:37 request.php [GET]: https://api.music.yandex.net/account/status
2022-06-23 07:07:38 request.php [GET]: https://api.music.yandex.net/search?text=Цой&nocorrect=&type=track&page=0&playlist-in-best=1 User: s.shevtsov@subbclub.ru
2022-06-23 07:07:56 request.php [POST]: https://oauth.yandex.ru/token
2022-06-23 07:08:01 request.php [GET]: https://api.music.yandex.net/account/status
2022-06-23 07:08:01 request.php [GET]: https://api.music.yandex.net/search?text=Цой&nocorrect=&type=track&page=0&playlist-in-best=1 User: s.shevtsov@subbclub.ru
2022-06-23 07:08:09 request.php [POST]: https://oauth.yandex.ru/token
2022-06-23 07:08:15 request.php [GET]: https://api.music.yandex.net/account/status
2022-06-23 07:08:15 request.php [GET]: https://api.music.yandex.net/search?text=Цой&nocorrect=&type=track&page=0&playlist-in-best=1 User: s.shevtsov@subbclub.ru
2022-06-23 07:08:30 request.php [POST]: https://oauth.yandex.ru/token
2022-06-23 07:08:36 request.php [GET]: https://api.music.yandex.net/account/status
2022-06-23 07:08:36 request.php [GET]: https://api.music.yandex.net/search?text=Цой&nocorrect=&type=track&page=0&playlist-in-best=1 User: s.shevtsov@subbclub.ru
2022-06-23 07:08:46 request.php [POST]: https://oauth.yandex.ru/token
2022-06-23 07:08:51 request.php [GET]: https://api.music.yandex.net/account/status
2022-06-23 07:08:52 request.php [GET]: https://api.music.yandex.net/search?text=Цой&nocorrect=&type=track&page=0&playlist-in-best=1 User: s.shevtsov@subbclub.ru
2022-06-23 07:09:02 request.php [POST]: https://oauth.yandex.ru/token
2022-06-23 07:09:08 request.php [GET]: https://api.music.yandex.net/account/status
2022-06-23 07:09:08 request.php [GET]: https://api.music.yandex.net/search?text=Цой&nocorrect=&type=track&page=0&playlist-in-best=1 User: s.shevtsov@subbclub.ru
2022-06-23 07:10:16 request.php [POST]: https://oauth.yandex.ru/token
2022-06-23 07:10:21 request.php [GET]: https://api.music.yandex.net/account/status
2022-06-23 07:10:21 request.php [GET]: https://api.music.yandex.net/search?text=Цой&nocorrect=&type=track&page=0&playlist-in-best=1 User: s.shevtsov@subbclub.ru
2022-06-23 07:10:31 request.php [POST]: https://oauth.yandex.ru/token
2022-06-23 07:10:36 request.php [GET]: https://api.music.yandex.net/account/status
2022-06-23 07:10:37 request.php [GET]: https://api.music.yandex.net/search?text=Цой&nocorrect=&type=track&page=0&playlist-in-best=1 User: s.shevtsov@subbclub.ru
2022-06-23 07:12:50 request.php [POST]: https://oauth.yandex.ru/token
2022-06-23 07:12:55 request.php [GET]: https://api.music.yandex.net/account/status
2022-06-23 07:12:55 request.php [GET]: https://api.music.yandex.net/search?text=Цой&nocorrect=&type=track&page=0&playlist-in-best=1 User: s.shevtsov@subbclub.ru
2022-06-23 07:13:34 request.php [POST]: https://oauth.yandex.ru/token
2022-06-23 07:13:40 request.php [GET]: https://api.music.yandex.net/account/status
2022-06-23 07:13:40 request.php [GET]: https://api.music.yandex.net/search?text=Цой&nocorrect=&type=track&page=0&playlist-in-best=1 User: s.shevtsov@subbclub.ru
2022-06-23 07:13:47 request.php [POST]: https://oauth.yandex.ru/token
2022-06-23 07:13:52 request.php [GET]: https://api.music.yandex.net/account/status
2022-06-23 07:13:52 request.php [GET]: https://api.music.yandex.net/search?text=Цой&nocorrect=&type=track&page=0&playlist-in-best=1 User: s.shevtsov@subbclub.ru
2022-06-23 07:14:14 request.php [POST]: https://oauth.yandex.ru/token
2022-06-23 07:14:19 request.php [GET]: https://api.music.yandex.net/account/status
2022-06-23 07:14:20 request.php [GET]: https://api.music.yandex.net/search?text=Цой&nocorrect=&type=track&page=0&playlist-in-best=1 User: s.shevtsov@subbclub.ru
2022-06-23 07:14:27 request.php [POST]: https://oauth.yandex.ru/token
2022-06-23 07:14:33 request.php [GET]: https://api.music.yandex.net/account/status
2022-06-23 07:14:33 request.php [GET]: https://api.music.yandex.net/search?text=Цой&nocorrect=&type=track&page=0&playlist-in-best=1 User: s.shevtsov@subbclub.ru
2022-06-23 07:15:16 request.php [POST]: https://oauth.yandex.ru/token
2022-06-23 07:15:21 request.php [GET]: https://api.music.yandex.net/account/status
2022-06-23 07:15:22 request.php [GET]: https://api.music.yandex.net/search?text=Цой&nocorrect=&type=track&page=0&playlist-in-best=1 User: s.shevtsov@subbclub.ru
2022-06-23 07:15:30 request.php [POST]: https://oauth.yandex.ru/token
2022-06-23 07:15:36 request.php [GET]: https://api.music.yandex.net/account/status
2022-06-23 07:15:36 request.php [GET]: https://api.music.yandex.net/search?text=Цой&nocorrect=&type=track&page=0&playlist-in-best=1 User: s.shevtsov@subbclub.ru
2022-06-23 07:16:05 request.php [POST]: https://oauth.yandex.ru/token
2022-06-23 07:16:10 request.php [GET]: https://api.music.yandex.net/account/status
2022-06-23 07:16:10 request.php [GET]: https://api.music.yandex.net/search?text=Цой&nocorrect=&type=track&page=0&playlist-in-best=1 User: s.shevtsov@subbclub.ru
2022-06-23 07:16:51 request.php [POST]: https://oauth.yandex.ru/token
2022-06-23 07:16:56 request.php [GET]: https://api.music.yandex.net/account/status
2022-06-23 07:16:57 request.php [GET]: https://api.music.yandex.net/search?text=Цой&nocorrect=&type=track&page=0&playlist-in-best=1 User: s.shevtsov@subbclub.ru
2022-06-23 07:17:38 request.php [POST]: https://oauth.yandex.ru/token
2022-06-23 07:17:43 request.php [GET]: https://api.music.yandex.net/account/status
2022-06-23 07:17:44 request.php [GET]: https://api.music.yandex.net/search?text=Цой&nocorrect=&type=track&page=0&playlist-in-best=1 User: s.shevtsov@subbclub.ru
2022-06-23 07:18:05 request.php [POST]: https://oauth.yandex.ru/token
2022-06-23 07:18:10 request.php [GET]: https://api.music.yandex.net/account/status
2022-06-23 07:18:11 request.php [GET]: https://api.music.yandex.net/search?text=Цой&nocorrect=&type=track&page=0&playlist-in-best=1 User: s.shevtsov@subbclub.ru
2022-06-23 07:18:41 request.php [POST]: https://oauth.yandex.ru/token
2022-06-23 07:18:46 request.php [GET]: https://api.music.yandex.net/account/status
2022-06-23 07:18:47 request.php [GET]: https://api.music.yandex.net/search?text=Цой&nocorrect=&type=track&page=0&playlist-in-best=1 User: s.shevtsov@subbclub.ru
2022-06-23 07:21:04 request.php [POST]: https://oauth.yandex.ru/token
2022-06-23 07:21:09 request.php [GET]: https://api.music.yandex.net/account/status
2022-06-23 07:21:09 request.php [GET]: https://api.music.yandex.net/search?text=Цой&nocorrect=&type=track&page=0&playlist-in-best=1 User: s.shevtsov@subbclub.ru
2022-06-23 07:21:48 request.php [POST]: https://oauth.yandex.ru/token
2022-06-23 07:21:54 request.php [GET]: https://api.music.yandex.net/account/status
2022-06-23 07:21:54 request.php [GET]: https://api.music.yandex.net/search?text=Цой&nocorrect=&type=track&page=0&playlist-in-best=1 User: s.shevtsov@subbclub.ru
2022-06-23 07:22:17 request.php [POST]: https://oauth.yandex.ru/token
2022-06-23 07:22:23 request.php [GET]: https://api.music.yandex.net/account/status
2022-06-23 07:22:23 request.php [GET]: https://api.music.yandex.net/search?text=Цой&nocorrect=&type=track&page=0&playlist-in-best=1 User: s.shevtsov@subbclub.ru
2022-06-23 07:23:04 request.php [POST]: https://oauth.yandex.ru/token
2022-06-23 07:23:09 request.php [GET]: https://api.music.yandex.net/account/status
2022-06-23 07:23:09 request.php [GET]: https://api.music.yandex.net/search?text=Цой&nocorrect=&type=track&page=0&playlist-in-best=1 User: s.shevtsov@subbclub.ru
2022-06-23 07:31:27 request.php [POST]: https://oauth.yandex.ru/token
2022-06-23 07:31:33 request.php [GET]: https://api.music.yandex.net/account/status
2022-06-23 07:31:33 request.php [GET]: https://api.music.yandex.net/search?text=Цой&nocorrect=&type=track&page=0&playlist-in-best=1 User: s.shevtsov@subbclub.ru
2022-06-23 07:34:45 request.php [POST]: https://oauth.yandex.ru/token
2022-06-23 07:34:50 request.php [GET]: https://api.music.yandex.net/account/status
2022-06-23 07:34:50 request.php [GET]: https://api.music.yandex.net/search?text=Цой&nocorrect=&type=track&page=0&playlist-in-best=1 User: s.shevtsov@subbclub.ru
2022-06-23 07:34:51 request.php [GET]: https://api.music.yandex.net/users/1130000056895047/likes/tracks User: s.shevtsov@subbclub.ru
2022-06-23 07:36:51 request.php [POST]: https://oauth.yandex.ru/token
2022-06-23 07:36:57 request.php [GET]: https://api.music.yandex.net/account/status
2022-06-23 07:36:57 request.php [GET]: https://api.music.yandex.net/search?text=Цой&nocorrect=&type=track&page=0&playlist-in-best=1 User: s.shevtsov@subbclub.ru
2022-06-23 07:36:57 request.php [GET]: https://api.music.yandex.net/users/1130000056895047/likes/tracks User: s.shevtsov@subbclub.ru
2022-06-23 07:39:44 request.php [POST]: https://oauth.yandex.ru/token
2022-06-23 07:39:49 request.php [GET]: https://api.music.yandex.net/account/status
2022-06-23 07:39:49 request.php [GET]: https://api.music.yandex.net/search?text=Цой&nocorrect=&type=track&page=0&playlist-in-best=1 User: s.shevtsov@subbclub.ru
2022-06-23 07:39:50 request.php [GET]: https://api.music.yandex.net/landing3?blocks=chart User: s.shevtsov@subbclub.ru
2022-06-23 07:44:57 request.php [POST]: https://oauth.yandex.ru/token
2022-06-23 07:44:59 request.php [POST]: https://oauth.yandex.ru/token
2022-06-23 07:45:02 request.php [GET]: https://api.music.yandex.net/account/status
2022-06-23 07:45:03 request.php [GET]: https://api.music.yandex.net/search?text=Цой&nocorrect=&type=track&page=0&playlist-in-best=1 User: s.shevtsov@subbclub.ru
2022-06-23 07:45:03 request.php [GET]: https://api.music.yandex.net/landing3?blocks=chart User: s.shevtsov@subbclub.ru
2022-06-23 07:45:03 request.php [POST]: https://oauth.yandex.ru/token
2022-06-23 07:45:04 request.php [GET]: https://api.music.yandex.net/account/status
2022-06-23 07:45:05 request.php [GET]: https://api.music.yandex.net/search?text=Цой&nocorrect=&type=track&page=0&playlist-in-best=1 User: s.shevtsov@subbclub.ru
2022-06-23 07:45:05 request.php [GET]: https://api.music.yandex.net/landing3?blocks=chart User: s.shevtsov@subbclub.ru
2022-06-23 07:45:09 request.php [GET]: https://api.music.yandex.net/account/status
2022-06-23 07:45:09 request.php [GET]: https://api.music.yandex.net/search?text=Цой&nocorrect=&type=track&page=0&playlist-in-best=1 User: s.shevtsov@subbclub.ru
2022-06-23 07:45:09 request.php [GET]: https://api.music.yandex.net/landing3?blocks=chart User: s.shevtsov@subbclub.ru
2022-06-23 07:45:09 request.php [POST]: https://oauth.yandex.ru/token
2022-06-23 07:45:15 request.php [GET]: https://api.music.yandex.net/account/status
2022-06-23 07:45:15 request.php [GET]: https://api.music.yandex.net/search?text=Цой&nocorrect=&type=track&page=0&playlist-in-best=1 User: s.shevtsov@subbclub.ru
2022-06-23 07:45:16 request.php [GET]: https://api.music.yandex.net/landing3?blocks=chart User: s.shevtsov@subbclub.ru
2022-06-23 07:45:29 request.php [POST]: https://oauth.yandex.ru/token
2022-06-23 07:45:35 request.php [GET]: https://api.music.yandex.net/account/status
2022-06-23 07:45:35 request.php [GET]: https://api.music.yandex.net/search?text=Цой&nocorrect=&type=track&page=0&playlist-in-best=1 User: s.shevtsov@subbclub.ru
2022-06-23 07:46:05 request.php [POST]: https://oauth.yandex.ru/token
2022-06-23 07:46:11 request.php [GET]: https://api.music.yandex.net/account/status
2022-06-23 07:46:11 request.php [GET]: https://api.music.yandex.net/search?text=Цой&nocorrect=&type=track&page=0&playlist-in-best=1 User: s.shevtsov@subbclub.ru
2022-06-23 07:48:28 request.php [POST]: https://oauth.yandex.ru/token
2022-06-23 07:48:33 request.php [GET]: https://api.music.yandex.net/account/status
2022-06-23 07:48:34 request.php [GET]: https://api.music.yandex.net/search?text=Цой&nocorrect=&type=track&page=0&playlist-in-best=1 User: s.shevtsov@subbclub.ru
2022-06-23 07:48:52 request.php [POST]: https://oauth.yandex.ru/token
2022-06-23 07:48:58 request.php [GET]: https://api.music.yandex.net/account/status
2022-06-23 07:48:58 request.php [GET]: https://api.music.yandex.net/search?text=Цой&nocorrect=&type=track&page=0&playlist-in-best=1 User: s.shevtsov@subbclub.ru
2022-06-23 07:51:55 request.php [POST]: https://oauth.yandex.ru/token
2022-06-23 07:52:00 request.php [GET]: https://api.music.yandex.net/account/status
2022-06-23 07:52:01 request.php [GET]: https://api.music.yandex.net/search?text=Цой&nocorrect=&type=track&page=0&playlist-in-best=1 User: s.shevtsov@subbclub.ru
2022-06-23 07:53:38 request.php [POST]: https://oauth.yandex.ru/token
2022-06-23 07:53:43 request.php [GET]: https://api.music.yandex.net/account/status
2022-06-23 07:53:44 request.php [GET]: https://api.music.yandex.net/search?text=Цой&nocorrect=&type=track&page=0&playlist-in-best=1 User: s.shevtsov@subbclub.ru
2022-06-23 07:54:11 request.php [POST]: https://oauth.yandex.ru/token
2022-06-23 07:54:16 request.php [GET]: https://api.music.yandex.net/account/status
2022-06-23 07:54:16 request.php [GET]: https://api.music.yandex.net/search?text=Цой&nocorrect=&type=track&page=0&playlist-in-best=1 User: s.shevtsov@subbclub.ru
2022-06-23 07:56:16 request.php [POST]: https://oauth.yandex.ru/token
2022-06-23 07:56:22 request.php [GET]: https://api.music.yandex.net/account/status
2022-06-23 07:56:22 request.php [GET]: https://api.music.yandex.net/search?text=Цой&nocorrect=&type=track&page=0&playlist-in-best=1 User: s.shevtsov@subbclub.ru
2022-06-23 07:58:11 request.php [POST]: https://oauth.yandex.ru/token
2022-06-23 07:58:16 request.php [GET]: https://api.music.yandex.net/account/status
2022-06-23 07:58:16 request.php [GET]: https://api.music.yandex.net/search?text=Цой&nocorrect=&type=track&page=0&playlist-in-best=1 User: s.shevtsov@subbclub.ru
2022-06-23 07:58:43 request.php [POST]: https://oauth.yandex.ru/token
2022-06-23 07:58:49 request.php [GET]: https://api.music.yandex.net/account/status
2022-06-23 07:58:49 request.php [GET]: https://api.music.yandex.net/search?text=Цой&nocorrect=&type=track&page=0&playlist-in-best=1 User: s.shevtsov@subbclub.ru
2022-06-23 08:08:07 request.php [POST]: https://oauth.yandex.ru/token
2022-06-23 08:08:12 request.php [GET]: https://api.music.yandex.net/account/status
2022-06-23 08:08:12 request.php [GET]: https://api.music.yandex.net/landing3?blocks=chart User: s.shevtsov@subbclub.ru
2022-06-23 08:08:38 request.php [POST]: https://oauth.yandex.ru/token
2022-06-23 08:08:43 request.php [GET]: https://api.music.yandex.net/account/status
2022-06-23 08:08:43 request.php [GET]: https://api.music.yandex.net/landing3?blocks=chart User: s.shevtsov@subbclub.ru
2022-06-23 08:18:20 request.php [POST]: https://oauth.yandex.ru/token
2022-06-23 08:18:26 request.php [GET]: https://api.music.yandex.net/account/status
2022-06-23 08:18:26 request.php [GET]: https://api.music.yandex.net/landing3?blocks=chart User: s.shevtsov@subbclub.ru
2022-06-23 08:23:05 request.php [POST]: https://oauth.yandex.ru/token
2022-06-23 08:23:10 request.php [GET]: https://api.music.yandex.net/account/status
2022-06-23 08:23:10 request.php [GET]: https://api.music.yandex.net/landing3?blocks=chart User: s.shevtsov@subbclub.ru
2022-06-23 08:24:30 request.php [POST]: https://oauth.yandex.ru/token
2022-06-23 08:24:35 request.php [GET]: https://api.music.yandex.net/account/status
2022-06-23 08:24:35 request.php [GET]: https://api.music.yandex.net/landing3?blocks=chart User: s.shevtsov@subbclub.ru
2022-06-23 08:24:41 request.php [POST]: https://oauth.yandex.ru/token
2022-06-23 08:24:47 request.php [GET]: https://api.music.yandex.net/account/status
2022-06-23 08:24:47 request.php [GET]: https://api.music.yandex.net/search?text=Цой&nocorrect=&type=track&page=0&playlist-in-best=1 User: s.shevtsov@subbclub.ru
2022-06-23 08:25:00 request.php [POST]: https://oauth.yandex.ru/token
2022-06-23 08:25:05 request.php [GET]: https://api.music.yandex.net/account/status
2022-06-23 08:25:06 request.php [GET]: https://api.music.yandex.net/landing3?blocks=chart User: s.shevtsov@subbclub.ru
2022-06-23 08:26:36 request.php [POST]: https://oauth.yandex.ru/token
2022-06-23 08:26:41 request.php [GET]: https://api.music.yandex.net/account/status
2022-06-23 08:26:41 request.php [GET]: https://api.music.yandex.net/landing3?blocks=chart User: s.shevtsov@subbclub.ru
2022-06-23 08:26:51 request.php [POST]: https://oauth.yandex.ru/token
2022-06-23 08:26:56 request.php [GET]: https://api.music.yandex.net/account/status
2022-06-23 08:26:57 request.php [GET]: https://api.music.yandex.net/search?text=Лизер&nocorrect=&type=track&page=0&playlist-in-best=1 User: s.shevtsov@subbclub.ru
2022-06-23 08:27:13 request.php [POST]: https://oauth.yandex.ru/token
2022-06-23 08:27:18 request.php [GET]: https://api.music.yandex.net/account/status
2022-06-23 08:27:19 request.php [GET]: https://api.music.yandex.net/search?text=Пачка сигарет&nocorrect=&type=track&page=0&playlist-in-best=1 User: s.shevtsov@subbclub.ru
2022-06-23 08:27:34 request.php [POST]: https://oauth.yandex.ru/token
2022-06-23 08:27:39 request.php [GET]: https://api.music.yandex.net/account/status
2022-06-23 08:27:40 request.php [GET]: https://api.music.yandex.net/search?text=Oliver Tree&nocorrect=&type=track&page=0&playlist-in-best=1 User: s.shevtsov@subbclub.ru
2022-06-23 08:27:45 request.php [POST]: https://oauth.yandex.ru/token
2022-06-23 08:27:50 request.php [GET]: https://api.music.yandex.net/account/status
2022-06-23 08:27:50 request.php [GET]: https://api.music.yandex.net/search?text=Сигарет&nocorrect=&type=track&page=0&playlist-in-best=1 User: s.shevtsov@subbclub.ru
2022-06-23 08:28:14 request.php [POST]: https://oauth.yandex.ru/token
2022-06-23 08:28:20 request.php [GET]: https://api.music.yandex.net/account/status
2022-06-23 08:28:20 request.php [GET]: https://api.music.yandex.net/search?text=цой&nocorrect=&type=all&page=0&playlist-in-best=1 User: s.shevtsov@subbclub.ru
2022-06-23 08:29:16 request.php [POST]: https://oauth.yandex.ru/token
2022-06-23 08:29:21 request.php [GET]: https://api.music.yandex.net/account/status
2022-06-23 08:29:22 request.php [GET]: https://api.music.yandex.net/landing3?blocks=chart User: s.shevtsov@subbclub.ru
2022-06-23 08:33:20 request.php [POST]: https://oauth.yandex.ru/token
2022-06-23 08:33:26 request.php [GET]: https://api.music.yandex.net/account/status
2022-06-23 08:33:26 request.php [GET]: https://api.music.yandex.net/search?text=Лизер&nocorrect=&type=all&page=0&playlist-in-best=1 User: s.shevtsov@subbclub.ru
2022-06-23 08:37:41 request.php [POST]: https://oauth.yandex.ru/token
2022-06-23 08:37:47 request.php [GET]: https://api.music.yandex.net/account/status
2022-06-23 08:37:47 request.php [GET]: https://api.music.yandex.net/search?text=Лизер&nocorrect=&type=all&page=3&playlist-in-best=1 User: s.shevtsov@subbclub.ru
2022-06-23 08:38:11 request.php [POST]: https://oauth.yandex.ru/token
2022-06-23 08:38:17 request.php [GET]: https://api.music.yandex.net/account/status
2022-06-23 08:38:17 request.php [GET]: https://api.music.yandex.net/search?text=Лизер&nocorrect=&type=all&page=5&playlist-in-best=1 User: s.shevtsov@subbclub.ru
2022-06-23 08:39:47 request.php [POST]: https://oauth.yandex.ru/token
2022-06-23 08:39:52 request.php [GET]: https://api.music.yandex.net/account/status
2022-06-23 08:39:53 request.php [GET]: https://api.music.yandex.net/landing3?blocks=chart User: s.shevtsov@subbclub.ru
2022-06-23 08:42:03 request.php [POST]: https://oauth.yandex.ru/token
2022-06-23 08:42:08 request.php [GET]: https://api.music.yandex.net/account/status
2022-06-23 08:42:08 request.php [GET]: https://api.music.yandex.net/landing3?blocks=chart User: s.shevtsov@subbclub.ru
2022-06-23 08:43:14 request.php [POST]: https://oauth.yandex.ru/token
2022-06-23 08:43:19 request.php [GET]: https://api.music.yandex.net/account/status
2022-06-23 08:43:20 request.php [GET]: https://api.music.yandex.net/landing3?blocks=chart User: s.shevtsov@subbclub.ru
2022-06-23 08:43:39 request.php [POST]: https://oauth.yandex.ru/token
2022-06-23 08:43:44 request.php [GET]: https://api.music.yandex.net/account/status
2022-06-23 08:43:44 request.php [GET]: https://api.music.yandex.net/landing3?blocks=chart User: s.shevtsov@subbclub.ru
2022-06-23 08:43:56 request.php [POST]: https://oauth.yandex.ru/token
2022-06-23 08:44:01 request.php [GET]: https://api.music.yandex.net/account/status
2022-06-23 08:44:02 request.php [GET]: https://api.music.yandex.net/landing3?blocks=chart User: s.shevtsov@subbclub.ru
2022-06-23 08:44:58 request.php [POST]: https://oauth.yandex.ru/token
2022-06-23 08:45:04 request.php [GET]: https://api.music.yandex.net/account/status
2022-06-23 08:45:04 request.php [GET]: https://api.music.yandex.net/landing3?blocks=chart User: s.shevtsov@subbclub.ru
2022-06-23 08:45:24 request.php [POST]: https://oauth.yandex.ru/token
2022-06-23 08:45:30 request.php [GET]: https://api.music.yandex.net/account/status
2022-06-23 08:45:30 request.php [GET]: https://api.music.yandex.net/landing3?blocks=chart User: s.shevtsov@subbclub.ru
2022-06-23 08:45:41 request.php [POST]: https://oauth.yandex.ru/token
2022-06-23 08:45:46 request.php [GET]: https://api.music.yandex.net/account/status
2022-06-23 08:45:47 request.php [GET]: https://api.music.yandex.net/landing3?blocks=chart User: s.shevtsov@subbclub.ru
2022-06-23 08:47:30 request.php [POST]: https://oauth.yandex.ru/token
2022-06-23 08:47:35 request.php [GET]: https://api.music.yandex.net/account/status
2022-06-23 08:47:36 request.php [GET]: https://api.music.yandex.net/landing3?blocks=chart User: s.shevtsov@subbclub.ru
2022-06-23 08:47:40 request.php [POST]: https://oauth.yandex.ru/token
2022-06-23 08:47:45 request.php [GET]: https://api.music.yandex.net/account/status
2022-06-23 08:47:46 request.php [GET]: https://api.music.yandex.net/landing3?blocks=chart User: s.shevtsov@subbclub.ru
2022-06-23 08:48:16 request.php [POST]: https://oauth.yandex.ru/token
2022-06-23 08:48:21 request.php [GET]: https://api.music.yandex.net/account/status
2022-06-23 08:48:21 request.php [GET]: https://api.music.yandex.net/landing3?blocks=chart User: s.shevtsov@subbclub.ru
2022-06-23 08:48:35 request.php [POST]: https://oauth.yandex.ru/token
2022-06-23 08:48:41 request.php [GET]: https://api.music.yandex.net/account/status
2022-06-23 08:48:41 request.php [GET]: https://api.music.yandex.net/landing3?blocks=chart User: s.shevtsov@subbclub.ru
2022-06-23 08:48:53 request.php [POST]: https://oauth.yandex.ru/token
2022-06-23 08:48:58 request.php [GET]: https://api.music.yandex.net/account/status
2022-06-23 08:48:59 request.php [GET]: https://api.music.yandex.net/landing3?blocks=chart User: s.shevtsov@subbclub.ru
2022-06-23 08:49:17 request.php [POST]: https://oauth.yandex.ru/token
2022-06-23 08:49:17 request.php [GET]: https://api.music.yandex.net/account/status
2022-06-23 08:49:17 request.php [GET]: https://api.music.yandex.net/landing3?blocks=chart
2022-06-23 08:49:35 request.php [POST]: https://oauth.yandex.ru/token
2022-06-23 08:49:40 request.php [GET]: https://api.music.yandex.net/account/status
2022-06-23 08:49:40 request.php [GET]: https://api.music.yandex.net/landing3?blocks=chart User: s.shevtsov@subbclub.ru
2022-06-23 08:50:46 request.php [POST]: https://oauth.yandex.ru/token
2022-06-23 08:50:51 request.php [GET]: https://api.music.yandex.net/account/status
2022-06-23 08:50:51 request.php [GET]: https://api.music.yandex.net/landing3?blocks=chart User: s.shevtsov@subbclub.ru
2022-06-23 08:56:55 request.php [POST]: https://oauth.yandex.ru/token
2022-06-23 08:57:00 request.php [GET]: https://api.music.yandex.net/account/status
2022-06-23 08:57:01 request.php [GET]: https://api.music.yandex.net/landing3?blocks=chart User: s.shevtsov@subbclub.ru
2022-06-23 08:57:35 request.php [POST]: https://oauth.yandex.ru/token
2022-06-23 08:57:41 request.php [GET]: https://api.music.yandex.net/account/status
2022-06-23 08:57:41 request.php [GET]: https://api.music.yandex.net/landing3?blocks=chart User: s.shevtsov@subbclub.ru
2022-06-23 09:14:35 request.php [POST]: https://oauth.yandex.ru/token
2022-06-23 09:14:41 request.php [GET]: https://api.music.yandex.net/account/status
2022-06-23 09:14:41 request.php [GET]: https://api.music.yandex.net/landing3?blocks=chart User: s.shevtsov@subbclub.ru
2022-06-23 09:14:45 request.php [POST]: https://oauth.yandex.ru/token
2022-06-23 09:14:45 request.php [GET]: https://api.music.yandex.net/account/status
2022-06-23 09:14:45 request.php [GET]: https://api.music.yandex.net/landing3?blocks=chart
2022-06-23 09:14:51 request.php [POST]: https://oauth.yandex.ru/token
2022-06-23 09:14:57 request.php [GET]: https://api.music.yandex.net/account/status
2022-06-23 09:14:57 request.php [GET]: https://api.music.yandex.net/landing3?blocks=chart User: s.shevtsov@subbclub.ru
2022-06-23 09:15:19 request.php [POST]: https://oauth.yandex.ru/token
2022-06-23 09:15:19 request.php [GET]: https://api.music.yandex.net/account/status
2022-06-23 09:15:19 request.php [GET]: https://api.music.yandex.net/landing3?blocks=chart
2022-06-23 09:15:24 request.php [POST]: https://oauth.yandex.ru/token
2022-06-23 09:15:29 request.php [GET]: https://api.music.yandex.net/account/status
2022-06-23 09:15:29 request.php [GET]: https://api.music.yandex.net/landing3?blocks=chart User: s.shevtsov@subbclub.ru
2022-06-23 09:16:30 request.php [POST]: https://oauth.yandex.ru/token
2022-06-23 09:16:36 request.php [GET]: https://api.music.yandex.net/account/status
2022-06-23 09:16:36 request.php [GET]: https://api.music.yandex.net/landing3?blocks=chart User: s.shevtsov@subbclub.ru
2022-06-23 09:18:29 request.php [POST]: https://oauth.yandex.ru/token
2022-06-23 09:18:34 request.php [GET]: https://api.music.yandex.net/account/status
2022-06-23 09:18:34 request.php [GET]: https://api.music.yandex.net/search?text=Лизер&nocorrect=&type=all&page=0&playlist-in-best=1 User: s.shevtsov@subbclub.ru
2022-06-23 09:18:45 request.php [POST]: https://oauth.yandex.ru/token
2022-06-23 09:18:50 request.php [GET]: https://api.music.yandex.net/account/status
2022-06-23 09:18:50 request.php [GET]: https://api.music.yandex.net/landing3?blocks=chart User: s.shevtsov@subbclub.ru
2022-06-23 09:20:56 request.php [POST]: https://oauth.yandex.ru/token
2022-06-23 09:21:02 request.php [GET]: https://api.music.yandex.net/account/status
2022-06-23 09:21:02 request.php [GET]: https://api.music.yandex.net/landing3?blocks=chart User: s.shevtsov@subbclub.ru
2022-06-23 09:21:10 request.php [POST]: https://oauth.yandex.ru/token
2022-06-23 09:21:10 request.php [GET]: https://api.music.yandex.net/account/status
2022-06-23 09:21:11 request.php [GET]: https://api.music.yandex.net/landing3?blocks=chart
2022-06-23 09:30:57 request.php [POST]: https://oauth.yandex.ru/token
2022-06-23 09:30:58 request.php [GET]: https://api.music.yandex.net/account/status
2022-06-23 09:30:58 request.php [GET]: https://api.music.yandex.net/landing3?blocks=chart
2022-06-23 09:33:08 request.php [POST]: https://oauth.yandex.ru/token
2022-06-23 09:33:13 request.php [GET]: https://api.music.yandex.net/account/status
2022-06-23 09:33:14 request.php [GET]: https://api.music.yandex.net/landing3?blocks=chart User: s.shevtsov@subbclub.ru
2022-06-23 09:34:05 request.php [POST]: https://oauth.yandex.ru/token
2022-06-23 09:34:10 request.php [GET]: https://api.music.yandex.net/account/status
2022-06-23 09:34:11 request.php [GET]: https://api.music.yandex.net/landing3?blocks=chart User: s.shevtsov@subbclub.ru
2022-06-23 09:36:32 request.php [POST]: https://oauth.yandex.ru/token
2022-06-23 09:36:37 request.php [GET]: https://api.music.yandex.net/account/status
2022-06-23 09:36:38 request.php [GET]: https://api.music.yandex.net/search?text=morgenshtern&nocorrect=&type=all&page=0&playlist-in-best=1 User: s.shevtsov@subbclub.ru
2022-06-23 09:37:06 request.php [POST]: https://oauth.yandex.ru/token
2022-06-23 09:37:12 request.php [GET]: https://api.music.yandex.net/account/status
2022-06-23 09:37:12 request.php [GET]: https://api.music.yandex.net/landing3?blocks=chart User: s.shevtsov@subbclub.ru
2022-06-23 10:55:26 request.php [POST]: https://oauth.yandex.ru/token
2022-06-23 10:55:32 request.php [GET]: https://api.music.yandex.net/account/status
2022-06-23 10:55:32 request.php [GET]: https://api.music.yandex.net/landing3?blocks=chart User: s.shevtsov@subbclub.ru
2022-06-23 10:56:31 request.php [POST]: https://oauth.yandex.ru/token
2022-06-23 10:56:37 request.php [GET]: https://api.music.yandex.net/account/status
2022-06-23 10:56:37 request.php [GET]: https://api.music.yandex.net/landing3?blocks=chart User: s.shevtsov@subbclub.ru
2022-06-23 10:56:57 request.php [POST]: https://oauth.yandex.ru/token
2022-06-23 10:57:02 request.php [GET]: https://api.music.yandex.net/account/status
2022-06-23 10:57:03 request.php [GET]: https://api.music.yandex.net/search?text=Лизер&nocorrect=&type=all&page=0&playlist-in-best=1 User: s.shevtsov@subbclub.ru
2022-06-23 10:58:47 request.php [POST]: https://oauth.yandex.ru/token
2022-06-23 10:58:53 request.php [GET]: https://api.music.yandex.net/account/status
2022-06-23 10:58:53 request.php [GET]: https://api.music.yandex.net/landing3?blocks=chart User: s.shevtsov@subbclub.ru
2022-06-23 11:01:00 request.php [POST]: https://oauth.yandex.ru/token
2022-06-23 11:01:06 request.php [GET]: https://api.music.yandex.net/account/status
2022-06-23 11:01:06 request.php [GET]: https://api.music.yandex.net/landing3?blocks=chart User: s.shevtsov@subbclub.ru
